[debug] ----------------------------------------------------------------------
[debug] Command:      C:\Program Files\nodejs\node.exe C:\Users\Nikola\AppData\Roaming\npm\node_modules\firebase-tools\bin\firebase serve
[debug] CLI Version:  3.6.1
[debug] Platform:     win32
[debug] Node Version: v6.10.2
[debug] Time:         Thu May 11 2017 17:20:49 GMT-0700 (Pacific Daylight Time)
[debug] ----------------------------------------------------------------------
[debug] 
[debug] > command requires scopes: ["email","openid","https://www.googleapis.com/auth/cloudplatformprojects.readonly","https://www.googleapis.com/auth/firebase","https://www.googleapis.com/auth/cloud-platform"]
[debug] >>> HTTP REQUEST GET https://admin.firebase.com/v1/projects/atheneum-test  
 Thu May 11 2017 17:20:49 GMT-0700 (Pacific Daylight Time)
[debug] <<< HTTP RESPONSE 200
[debug] >>> HTTP REQUEST GET https://admin.firebase.com/v1/database/atheneum-test/tokens  
 Thu May 11 2017 17:20:49 GMT-0700 (Pacific Daylight Time)
[debug] <<< HTTP RESPONSE 200
[info] Starting Firebase development server...
[info] 
[info] Project Directory: C:\Users\Nikola\Desktop\quickstart-js-master\storage
[debug] >>> HTTP REQUEST GET https://cloudresourcemanager.googleapis.com/v1/projects/atheneum-test  
 Thu May 11 2017 17:20:50 GMT-0700 (Pacific Daylight Time)
[debug] <<< HTTP RESPONSE 200
[debug] >>> HTTP REQUEST GET https://mobilesdk-pa.googleapis.com/v1/projects/289616228469/clients/_:getWebAppConfig  
 Thu May 11 2017 17:20:51 GMT-0700 (Pacific Daylight Time)
[debug] <<< HTTP RESPONSE 200
[info] Public Directory: public
[info] 
[info] Server listening at: http://localhost:5000
